{"name": "Неавторизованный пользователь не может создать заказ", "status": "failed", "statusDetails": {"message": "AssertionError: assert 200 == 401\n +  where 200 = <Response [200]>.status_code", "trace": "self = <tests.test_create_order.TestCreateOrder object at 0x00000294DACA98B0>\n\n    @allure.title(\"Неавторизованный пользователь не может создать заказ\")\n    def test_create_order_by_unauthorized_user_order_not_created(self):\n        payload = {\"ingredients\": [\"61c0c5a71d1f82001bdaaa6d\",\n                                   \"61c0c5a71d1f82001bdaaa70\",\n                                   \"61c0c5a71d1f82001bdaaa72\"]}\n        response = requests.post(f\"{Constants.URL}{Endpoints.CREATE_ORDER}\", data=payload)\n>       assert response.status_code == 401\nE       assert 200 == 401\nE        +  where 200 = <Response [200]>.status_code\n\ntests\\test_create_order.py:24: AssertionError"}, "start": 1709220776754, "stop": 1709220777513, "uuid": "c24f639d-ac16-4d01-a095-fc58887aa75f", "historyId": "41cdae6338251c2b40bd09616f00d5a2", "testCaseId": "41cdae6338251c2b40bd09616f00d5a2", "fullName": "tests.test_create_order.TestCreateOrder#test_create_order_by_unauthorized_user_order_not_created", "labels": [{"name": "parentSuite", "value": "tests"}, {"name": "suite", "value": "test_create_order"}, {"name": "subSuite", "value": "TestCreateOrder"}, {"name": "host", "value": "DESKTOP-JPR4DQM"}, {"name": "thread", "value": "12320-MainThread"}, {"name": "framework", "value": "pytest"}, {"name": "language", "value": "cpython3"}, {"name": "package", "value": "tests.test_create_order"}]}